<?xml version="1.0" encoding="UTF-8"?>
<testsuite xmlns:xsi="http://www.w3.org/2001/XMLSchema-instance" xsi:noNamespaceSchemaLocation="https://maven.apache.org/surefire/maven-surefire-plugin/xsd/surefire-test-report.xsd" name="com.project.restassured.FeatureRunnerTest" time="6.777" tests="1" errors="0" skipped="0" failures="0">
  <properties>
    <property name="java.specification.version" value="13"/>
    <property name="sun.jnu.encoding" value="UTF-8"/>
    <property name="java.class.path" value="/Users/kasthurikannan/Downloads/ProjectRestAssured/target/test-classes:/Users/kasthurikannan/Downloads/ProjectRestAssured/target/classes:/Users/kasthurikannan/.m2/repository/io/rest-assured/rest-assured/4.3.3/rest-assured-4.3.3.jar:/Users/kasthurikannan/.m2/repository/org/codehaus/groovy/groovy/3.0.7/groovy-3.0.7.jar:/Users/kasthurikannan/.m2/repository/org/codehaus/groovy/groovy-xml/3.0.7/groovy-xml-3.0.7.jar:/Users/kasthurikannan/.m2/repository/org/apache/httpcomponents/httpclient/4.5.3/httpclient-4.5.3.jar:/Users/kasthurikannan/.m2/repository/org/apache/httpcomponents/httpcore/4.4.6/httpcore-4.4.6.jar:/Users/kasthurikannan/.m2/repository/commons-logging/commons-logging/1.2/commons-logging-1.2.jar:/Users/kasthurikannan/.m2/repository/commons-codec/commons-codec/1.9/commons-codec-1.9.jar:/Users/kasthurikannan/.m2/repository/org/apache/httpcomponents/httpmime/4.5.3/httpmime-4.5.3.jar:/Users/kasthurikannan/.m2/repository/org/hamcrest/hamcrest/2.1/hamcrest-2.1.jar:/Users/kasthurikannan/.m2/repository/org/ccil/cowan/tagsoup/tagsoup/1.2.1/tagsoup-1.2.1.jar:/Users/kasthurikannan/.m2/repository/io/rest-assured/xml-path/4.3.3/xml-path-4.3.3.jar:/Users/kasthurikannan/.m2/repository/jakarta/xml/bind/jakarta.xml.bind-api/2.3.3/jakarta.xml.bind-api-2.3.3.jar:/Users/kasthurikannan/.m2/repository/jakarta/activation/jakarta.activation-api/1.2.2/jakarta.activation-api-1.2.2.jar:/Users/kasthurikannan/.m2/repository/com/sun/xml/bind/jaxb-impl/2.3.3/jaxb-impl-2.3.3.jar:/Users/kasthurikannan/.m2/repository/io/rest-assured/json-path/4.3.3/json-path-4.3.3.jar:/Users/kasthurikannan/.m2/repository/org/codehaus/groovy/groovy-json/3.0.7/groovy-json-3.0.7.jar:/Users/kasthurikannan/.m2/repository/io/rest-assured/rest-assured-common/4.3.3/rest-assured-common-4.3.3.jar:/Users/kasthurikannan/.m2/repository/org/json/json/20220924/json-20220924.jar:/Users/kasthurikannan/.m2/repository/com/github/tomakehurst/wiremock/2.26.3/wiremock-2.26.3.jar:/Users/kasthurikannan/.m2/repository/org/eclipse/jetty/jetty-server/9.2.28.v20190418/jetty-server-9.2.28.v20190418.jar:/Users/kasthurikannan/.m2/repository/javax/servlet/javax.servlet-api/3.1.0/javax.servlet-api-3.1.0.jar:/Users/kasthurikannan/.m2/repository/org/eclipse/jetty/jetty-http/9.2.28.v20190418/jetty-http-9.2.28.v20190418.jar:/Users/kasthurikannan/.m2/repository/org/eclipse/jetty/jetty-io/9.2.28.v20190418/jetty-io-9.2.28.v20190418.jar:/Users/kasthurikannan/.m2/repository/org/eclipse/jetty/jetty-servlet/9.2.28.v20190418/jetty-servlet-9.2.28.v20190418.jar:/Users/kasthurikannan/.m2/repository/org/eclipse/jetty/jetty-security/9.2.28.v20190418/jetty-security-9.2.28.v20190418.jar:/Users/kasthurikannan/.m2/repository/org/eclipse/jetty/jetty-servlets/9.2.28.v20190418/jetty-servlets-9.2.28.v20190418.jar:/Users/kasthurikannan/.m2/repository/org/eclipse/jetty/jetty-continuation/9.2.28.v20190418/jetty-continuation-9.2.28.v20190418.jar:/Users/kasthurikannan/.m2/repository/org/eclipse/jetty/jetty-util/9.2.28.v20190418/jetty-util-9.2.28.v20190418.jar:/Users/kasthurikannan/.m2/repository/org/eclipse/jetty/jetty-webapp/9.2.28.v20190418/jetty-webapp-9.2.28.v20190418.jar:/Users/kasthurikannan/.m2/repository/org/eclipse/jetty/jetty-xml/9.2.28.v20190418/jetty-xml-9.2.28.v20190418.jar:/Users/kasthurikannan/.m2/repository/com/google/guava/guava/20.0/guava-20.0.jar:/Users/kasthurikannan/.m2/repository/com/fasterxml/jackson/core/jackson-core/2.10.2/jackson-core-2.10.2.jar:/Users/kasthurikannan/.m2/repository/com/fasterxml/jackson/core/jackson-annotations/2.10.2/jackson-annotations-2.10.2.jar:/Users/kasthurikannan/.m2/repository/com/fasterxml/jackson/core/jackson-databind/2.10.2/jackson-databind-2.10.2.jar:/Users/kasthurikannan/.m2/repository/org/xmlunit/xmlunit-core/2.6.2/xmlunit-core-2.6.2.jar:/Users/kasthurikannan/.m2/repository/javax/xml/bind/jaxb-api/2.3.0/jaxb-api-2.3.0.jar:/Users/kasthurikannan/.m2/repository/org/xmlunit/xmlunit-legacy/2.6.2/xmlunit-legacy-2.6.2.jar:/Users/kasthurikannan/.m2/repository/org/xmlunit/xmlunit-placeholders/2.6.2/xmlunit-placeholders-2.6.2.jar:/Users/kasthurikannan/.m2/repository/com/jayway/jsonpath/json-path/2.4.0/json-path-2.4.0.jar:/Users/kasthurikannan/.m2/repository/net/minidev/json-smart/2.3/json-smart-2.3.jar:/Users/kasthurikannan/.m2/repository/net/minidev/accessors-smart/1.2/accessors-smart-1.2.jar:/Users/kasthurikannan/.m2/repository/org/ow2/asm/asm/7.0/asm-7.0.jar:/Users/kasthurikannan/.m2/repository/org/slf4j/slf4j-api/1.7.12/slf4j-api-1.7.12.jar:/Users/kasthurikannan/.m2/repository/net/sf/jopt-simple/jopt-simple/5.0.3/jopt-simple-5.0.3.jar:/Users/kasthurikannan/.m2/repository/org/apache/commons/commons-lang3/3.7/commons-lang3-3.7.jar:/Users/kasthurikannan/.m2/repository/com/github/jknack/handlebars/4.0.7/handlebars-4.0.7.jar:/Users/kasthurikannan/.m2/repository/org/antlr/antlr4-runtime/4.7.1/antlr4-runtime-4.7.1.jar:/Users/kasthurikannan/.m2/repository/com/github/jknack/handlebars-helpers/4.0.7/handlebars-helpers-4.0.7.jar:/Users/kasthurikannan/.m2/repository/com/flipkart/zjsonpatch/zjsonpatch/0.4.4/zjsonpatch-0.4.4.jar:/Users/kasthurikannan/.m2/repository/commons-fileupload/commons-fileupload/1.4/commons-fileupload-1.4.jar:/Users/kasthurikannan/.m2/repository/commons-io/commons-io/2.2/commons-io-2.2.jar:/Users/kasthurikannan/.m2/repository/junit/junit/4.13.2/junit-4.13.2.jar:/Users/kasthurikannan/.m2/repository/org/hamcrest/hamcrest-core/1.3/hamcrest-core-1.3.jar:/Users/kasthurikannan/.m2/repository/org/projectlombok/lombok/1.18.6/lombok-1.18.6.jar:/Users/kasthurikannan/.m2/repository/io/cucumber/cucumber-java/7.9.0/cucumber-java-7.9.0.jar:/Users/kasthurikannan/.m2/repository/io/cucumber/cucumber-core/7.9.0/cucumber-core-7.9.0.jar:/Users/kasthurikannan/.m2/repository/io/cucumber/cucumber-gherkin/7.9.0/cucumber-gherkin-7.9.0.jar:/Users/kasthurikannan/.m2/repository/io/cucumber/cucumber-gherkin-messages/7.9.0/cucumber-gherkin-messages-7.9.0.jar:/Users/kasthurikannan/.m2/repository/io/cucumber/gherkin/24.1.0/gherkin-24.1.0.jar:/Users/kasthurikannan/.m2/repository/io/cucumber/messages/19.1.4/messages-19.1.4.jar:/Users/kasthurikannan/.m2/repository/io/cucumber/tag-expressions/4.1.0/tag-expressions-4.1.0.jar:/Users/kasthurikannan/.m2/repository/io/cucumber/cucumber-expressions/16.0.0/cucumber-expressions-16.0.0.jar:/Users/kasthurikannan/.m2/repository/io/cucumber/datatable/7.9.0/datatable-7.9.0.jar:/Users/kasthurikannan/.m2/repository/io/cucumber/cucumber-plugin/7.9.0/cucumber-plugin-7.9.0.jar:/Users/kasthurikannan/.m2/repository/io/cucumber/docstring/7.9.0/docstring-7.9.0.jar:/Users/kasthurikannan/.m2/repository/io/cucumber/html-formatter/20.1.0/html-formatter-20.1.0.jar:/Users/kasthurikannan/.m2/repository/io/cucumber/ci-environment/9.1.0/ci-environment-9.1.0.jar:/Users/kasthurikannan/.m2/repository/org/apiguardian/apiguardian-api/1.1.2/apiguardian-api-1.1.2.jar:/Users/kasthurikannan/.m2/repository/io/cucumber/cucumber-junit/7.9.0/cucumber-junit-7.9.0.jar:/Users/kasthurikannan/.m2/repository/io/rest-assured/json-schema-validator/4.3.3/json-schema-validator-4.3.3.jar:/Users/kasthurikannan/.m2/repository/com/github/java-json-tools/json-schema-validator/2.2.14/json-schema-validator-2.2.14.jar:/Users/kasthurikannan/.m2/repository/com/github/java-json-tools/jackson-coreutils-equivalence/1.0/jackson-coreutils-equivalence-1.0.jar:/Users/kasthurikannan/.m2/repository/com/github/java-json-tools/jackson-coreutils/2.0/jackson-coreutils-2.0.jar:/Users/kasthurikannan/.m2/repository/com/github/java-json-tools/msg-simple/1.2/msg-simple-1.2.jar:/Users/kasthurikannan/.m2/repository/com/github/java-json-tools/btf/1.3/btf-1.3.jar:/Users/kasthurikannan/.m2/repository/com/github/java-json-tools/json-schema-core/1.2.14/json-schema-core-1.2.14.jar:/Users/kasthurikannan/.m2/repository/com/github/java-json-tools/uri-template/0.10/uri-template-0.10.jar:/Users/kasthurikannan/.m2/repository/org/mozilla/rhino/1.7.7.2/rhino-1.7.7.2.jar:/Users/kasthurikannan/.m2/repository/com/sun/mail/mailapi/1.6.2/mailapi-1.6.2.jar:/Users/kasthurikannan/.m2/repository/joda-time/joda-time/2.10.5/joda-time-2.10.5.jar:/Users/kasthurikannan/.m2/repository/com/googlecode/libphonenumber/libphonenumber/8.11.1/libphonenumber-8.11.1.jar:/Users/kasthurikannan/.m2/repository/com/google/code/findbugs/jsr305/3.0.2/jsr305-3.0.2.jar:/Users/kasthurikannan/.m2/repository/org/hamcrest/hamcrest-library/1.3/hamcrest-library-1.3.jar:"/>
    <property name="java.vm.vendor" value="Oracle Corporation"/>
    <property name="sun.arch.data.model" value="64"/>
    <property name="java.vendor.url" value="https://java.oracle.com/"/>
    <property name="os.name" value="Mac OS X"/>
    <property name="java.vm.specification.version" value="13"/>
    <property name="sun.java.launcher" value="SUN_STANDARD"/>
    <property name="user.country" value="IN"/>
    <property name="sun.boot.library.path" value="/Library/Java/JavaVirtualMachines/jdk-13.0.1.jdk/Contents/Home/lib"/>
    <property name="sun.java.command" value="/Users/kasthurikannan/Downloads/ProjectRestAssured/target/surefire/surefirebooter12179668668388126751.jar /Users/kasthurikannan/Downloads/ProjectRestAssured/target/surefire 2023-02-14T16-46-18_293-jvmRun1 surefire13658165222647411397tmp surefire_01566178236592083569tmp"/>
    <property name="http.nonProxyHosts" value="local|*.local|169.254/16|*.169.254/16"/>
    <property name="jdk.debug" value="release"/>
    <property name="surefire.test.class.path" value="/Users/kasthurikannan/Downloads/ProjectRestAssured/target/test-classes:/Users/kasthurikannan/Downloads/ProjectRestAssured/target/classes:/Users/kasthurikannan/.m2/repository/io/rest-assured/rest-assured/4.3.3/rest-assured-4.3.3.jar:/Users/kasthurikannan/.m2/repository/org/codehaus/groovy/groovy/3.0.7/groovy-3.0.7.jar:/Users/kasthurikannan/.m2/repository/org/codehaus/groovy/groovy-xml/3.0.7/groovy-xml-3.0.7.jar:/Users/kasthurikannan/.m2/repository/org/apache/httpcomponents/httpclient/4.5.3/httpclient-4.5.3.jar:/Users/kasthurikannan/.m2/repository/org/apache/httpcomponents/httpcore/4.4.6/httpcore-4.4.6.jar:/Users/kasthurikannan/.m2/repository/commons-logging/commons-logging/1.2/commons-logging-1.2.jar:/Users/kasthurikannan/.m2/repository/commons-codec/commons-codec/1.9/commons-codec-1.9.jar:/Users/kasthurikannan/.m2/repository/org/apache/httpcomponents/httpmime/4.5.3/httpmime-4.5.3.jar:/Users/kasthurikannan/.m2/repository/org/hamcrest/hamcrest/2.1/hamcrest-2.1.jar:/Users/kasthurikannan/.m2/repository/org/ccil/cowan/tagsoup/tagsoup/1.2.1/tagsoup-1.2.1.jar:/Users/kasthurikannan/.m2/repository/io/rest-assured/xml-path/4.3.3/xml-path-4.3.3.jar:/Users/kasthurikannan/.m2/repository/jakarta/xml/bind/jakarta.xml.bind-api/2.3.3/jakarta.xml.bind-api-2.3.3.jar:/Users/kasthurikannan/.m2/repository/jakarta/activation/jakarta.activation-api/1.2.2/jakarta.activation-api-1.2.2.jar:/Users/kasthurikannan/.m2/repository/com/sun/xml/bind/jaxb-impl/2.3.3/jaxb-impl-2.3.3.jar:/Users/kasthurikannan/.m2/repository/io/rest-assured/json-path/4.3.3/json-path-4.3.3.jar:/Users/kasthurikannan/.m2/repository/org/codehaus/groovy/groovy-json/3.0.7/groovy-json-3.0.7.jar:/Users/kasthurikannan/.m2/repository/io/rest-assured/rest-assured-common/4.3.3/rest-assured-common-4.3.3.jar:/Users/kasthurikannan/.m2/repository/org/json/json/20220924/json-20220924.jar:/Users/kasthurikannan/.m2/repository/com/github/tomakehurst/wiremock/2.26.3/wiremock-2.26.3.jar:/Users/kasthurikannan/.m2/repository/org/eclipse/jetty/jetty-server/9.2.28.v20190418/jetty-server-9.2.28.v20190418.jar:/Users/kasthurikannan/.m2/repository/javax/servlet/javax.servlet-api/3.1.0/javax.servlet-api-3.1.0.jar:/Users/kasthurikannan/.m2/repository/org/eclipse/jetty/jetty-http/9.2.28.v20190418/jetty-http-9.2.28.v20190418.jar:/Users/kasthurikannan/.m2/repository/org/eclipse/jetty/jetty-io/9.2.28.v20190418/jetty-io-9.2.28.v20190418.jar:/Users/kasthurikannan/.m2/repository/org/eclipse/jetty/jetty-servlet/9.2.28.v20190418/jetty-servlet-9.2.28.v20190418.jar:/Users/kasthurikannan/.m2/repository/org/eclipse/jetty/jetty-security/9.2.28.v20190418/jetty-security-9.2.28.v20190418.jar:/Users/kasthurikannan/.m2/repository/org/eclipse/jetty/jetty-servlets/9.2.28.v20190418/jetty-servlets-9.2.28.v20190418.jar:/Users/kasthurikannan/.m2/repository/org/eclipse/jetty/jetty-continuation/9.2.28.v20190418/jetty-continuation-9.2.28.v20190418.jar:/Users/kasthurikannan/.m2/repository/org/eclipse/jetty/jetty-util/9.2.28.v20190418/jetty-util-9.2.28.v20190418.jar:/Users/kasthurikannan/.m2/repository/org/eclipse/jetty/jetty-webapp/9.2.28.v20190418/jetty-webapp-9.2.28.v20190418.jar:/Users/kasthurikannan/.m2/repository/org/eclipse/jetty/jetty-xml/9.2.28.v20190418/jetty-xml-9.2.28.v20190418.jar:/Users/kasthurikannan/.m2/repository/com/google/guava/guava/20.0/guava-20.0.jar:/Users/kasthurikannan/.m2/repository/com/fasterxml/jackson/core/jackson-core/2.10.2/jackson-core-2.10.2.jar:/Users/kasthurikannan/.m2/repository/com/fasterxml/jackson/core/jackson-annotations/2.10.2/jackson-annotations-2.10.2.jar:/Users/kasthurikannan/.m2/repository/com/fasterxml/jackson/core/jackson-databind/2.10.2/jackson-databind-2.10.2.jar:/Users/kasthurikannan/.m2/repository/org/xmlunit/xmlunit-core/2.6.2/xmlunit-core-2.6.2.jar:/Users/kasthurikannan/.m2/repository/javax/xml/bind/jaxb-api/2.3.0/jaxb-api-2.3.0.jar:/Users/kasthurikannan/.m2/repository/org/xmlunit/xmlunit-legacy/2.6.2/xmlunit-legacy-2.6.2.jar:/Users/kasthurikannan/.m2/repository/org/xmlunit/xmlunit-placeholders/2.6.2/xmlunit-placeholders-2.6.2.jar:/Users/kasthurikannan/.m2/repository/com/jayway/jsonpath/json-path/2.4.0/json-path-2.4.0.jar:/Users/kasthurikannan/.m2/repository/net/minidev/json-smart/2.3/json-smart-2.3.jar:/Users/kasthurikannan/.m2/repository/net/minidev/accessors-smart/1.2/accessors-smart-1.2.jar:/Users/kasthurikannan/.m2/repository/org/ow2/asm/asm/7.0/asm-7.0.jar:/Users/kasthurikannan/.m2/repository/org/slf4j/slf4j-api/1.7.12/slf4j-api-1.7.12.jar:/Users/kasthurikannan/.m2/repository/net/sf/jopt-simple/jopt-simple/5.0.3/jopt-simple-5.0.3.jar:/Users/kasthurikannan/.m2/repository/org/apache/commons/commons-lang3/3.7/commons-lang3-3.7.jar:/Users/kasthurikannan/.m2/repository/com/github/jknack/handlebars/4.0.7/handlebars-4.0.7.jar:/Users/kasthurikannan/.m2/repository/org/antlr/antlr4-runtime/4.7.1/antlr4-runtime-4.7.1.jar:/Users/kasthurikannan/.m2/repository/com/github/jknack/handlebars-helpers/4.0.7/handlebars-helpers-4.0.7.jar:/Users/kasthurikannan/.m2/repository/com/flipkart/zjsonpatch/zjsonpatch/0.4.4/zjsonpatch-0.4.4.jar:/Users/kasthurikannan/.m2/repository/commons-fileupload/commons-fileupload/1.4/commons-fileupload-1.4.jar:/Users/kasthurikannan/.m2/repository/commons-io/commons-io/2.2/commons-io-2.2.jar:/Users/kasthurikannan/.m2/repository/junit/junit/4.13.2/junit-4.13.2.jar:/Users/kasthurikannan/.m2/repository/org/hamcrest/hamcrest-core/1.3/hamcrest-core-1.3.jar:/Users/kasthurikannan/.m2/repository/org/projectlombok/lombok/1.18.6/lombok-1.18.6.jar:/Users/kasthurikannan/.m2/repository/io/cucumber/cucumber-java/7.9.0/cucumber-java-7.9.0.jar:/Users/kasthurikannan/.m2/repository/io/cucumber/cucumber-core/7.9.0/cucumber-core-7.9.0.jar:/Users/kasthurikannan/.m2/repository/io/cucumber/cucumber-gherkin/7.9.0/cucumber-gherkin-7.9.0.jar:/Users/kasthurikannan/.m2/repository/io/cucumber/cucumber-gherkin-messages/7.9.0/cucumber-gherkin-messages-7.9.0.jar:/Users/kasthurikannan/.m2/repository/io/cucumber/gherkin/24.1.0/gherkin-24.1.0.jar:/Users/kasthurikannan/.m2/repository/io/cucumber/messages/19.1.4/messages-19.1.4.jar:/Users/kasthurikannan/.m2/repository/io/cucumber/tag-expressions/4.1.0/tag-expressions-4.1.0.jar:/Users/kasthurikannan/.m2/repository/io/cucumber/cucumber-expressions/16.0.0/cucumber-expressions-16.0.0.jar:/Users/kasthurikannan/.m2/repository/io/cucumber/datatable/7.9.0/datatable-7.9.0.jar:/Users/kasthurikannan/.m2/repository/io/cucumber/cucumber-plugin/7.9.0/cucumber-plugin-7.9.0.jar:/Users/kasthurikannan/.m2/repository/io/cucumber/docstring/7.9.0/docstring-7.9.0.jar:/Users/kasthurikannan/.m2/repository/io/cucumber/html-formatter/20.1.0/html-formatter-20.1.0.jar:/Users/kasthurikannan/.m2/repository/io/cucumber/ci-environment/9.1.0/ci-environment-9.1.0.jar:/Users/kasthurikannan/.m2/repository/org/apiguardian/apiguardian-api/1.1.2/apiguardian-api-1.1.2.jar:/Users/kasthurikannan/.m2/repository/io/cucumber/cucumber-junit/7.9.0/cucumber-junit-7.9.0.jar:/Users/kasthurikannan/.m2/repository/io/rest-assured/json-schema-validator/4.3.3/json-schema-validator-4.3.3.jar:/Users/kasthurikannan/.m2/repository/com/github/java-json-tools/json-schema-validator/2.2.14/json-schema-validator-2.2.14.jar:/Users/kasthurikannan/.m2/repository/com/github/java-json-tools/jackson-coreutils-equivalence/1.0/jackson-coreutils-equivalence-1.0.jar:/Users/kasthurikannan/.m2/repository/com/github/java-json-tools/jackson-coreutils/2.0/jackson-coreutils-2.0.jar:/Users/kasthurikannan/.m2/repository/com/github/java-json-tools/msg-simple/1.2/msg-simple-1.2.jar:/Users/kasthurikannan/.m2/repository/com/github/java-json-tools/btf/1.3/btf-1.3.jar:/Users/kasthurikannan/.m2/repository/com/github/java-json-tools/json-schema-core/1.2.14/json-schema-core-1.2.14.jar:/Users/kasthurikannan/.m2/repository/com/github/java-json-tools/uri-template/0.10/uri-template-0.10.jar:/Users/kasthurikannan/.m2/repository/org/mozilla/rhino/1.7.7.2/rhino-1.7.7.2.jar:/Users/kasthurikannan/.m2/repository/com/sun/mail/mailapi/1.6.2/mailapi-1.6.2.jar:/Users/kasthurikannan/.m2/repository/joda-time/joda-time/2.10.5/joda-time-2.10.5.jar:/Users/kasthurikannan/.m2/repository/com/googlecode/libphonenumber/libphonenumber/8.11.1/libphonenumber-8.11.1.jar:/Users/kasthurikannan/.m2/repository/com/google/code/findbugs/jsr305/3.0.2/jsr305-3.0.2.jar:/Users/kasthurikannan/.m2/repository/org/hamcrest/hamcrest-library/1.3/hamcrest-library-1.3.jar:"/>
    <property name="sun.cpu.endian" value="little"/>
    <property name="user.home" value="/Users/kasthurikannan"/>
    <property name="user.language" value="en"/>
    <property name="java.specification.vendor" value="Oracle Corporation"/>
    <property name="java.version.date" value="2019-10-15"/>
    <property name="java.home" value="/Library/Java/JavaVirtualMachines/jdk-13.0.1.jdk/Contents/Home"/>
    <property name="file.separator" value="/"/>
    <property name="basedir" value="/Users/kasthurikannan/Downloads/ProjectRestAssured"/>
    <property name="java.vm.compressedOopsMode" value="Zero based"/>
    <property name="line.separator" value="&#10;"/>
    <property name="java.specification.name" value="Java Platform API Specification"/>
    <property name="java.vm.specification.vendor" value="Oracle Corporation"/>
    <property name="surefire.real.class.path" value="/Users/kasthurikannan/Downloads/ProjectRestAssured/target/surefire/surefirebooter12179668668388126751.jar"/>
    <property name="sun.management.compiler" value="HotSpot 64-Bit Tiered Compilers"/>
    <property name="ftp.nonProxyHosts" value="local|*.local|169.254/16|*.169.254/16"/>
    <property name="java.runtime.version" value="13.0.1+9"/>
    <property name="user.name" value="kasthurikannan"/>
    <property name="path.separator" value=":"/>
    <property name="os.version" value="10.14.5"/>
    <property name="java.runtime.name" value="Java(TM) SE Runtime Environment"/>
    <property name="file.encoding" value="UTF-8"/>
    <property name="java.vm.name" value="Java HotSpot(TM) 64-Bit Server VM"/>
    <property name="localRepository" value="/Users/kasthurikannan/.m2/repository"/>
    <property name="java.vendor.url.bug" value="https://bugreport.java.com/bugreport/"/>
    <property name="java.io.tmpdir" value="/var/folders/df/l61g4klx0tx0c9x8vqdx9vf40000gn/T/"/>
    <property name="java.version" value="13.0.1"/>
    <property name="user.dir" value="/Users/kasthurikannan/Downloads/ProjectRestAssured"/>
    <property name="os.arch" value="x86_64"/>
    <property name="java.vm.specification.name" value="Java Virtual Machine Specification"/>
    <property name="idea.version2019.3.1" value="true"/>
    <property name="java.library.path" value="/Users/kasthurikannan/Library/Java/Extensions:/Library/Java/Extensions:/Network/Library/Java/Extensions:/System/Library/Java/Extensions:/usr/lib/java:."/>
    <property name="java.vm.info" value="mixed mode, sharing"/>
    <property name="java.vendor" value="Oracle Corporation"/>
    <property name="java.vm.version" value="13.0.1+9"/>
    <property name="sun.io.unicode.encoding" value="UnicodeBig"/>
    <property name="socksNonProxyHosts" value="local|*.local|169.254/16|*.169.254/16"/>
    <property name="java.class.version" value="57.0"/>
  </properties>
  <testcase name="Rest Assured Integration Scenario steps" classname="Get the population data for the country" time="5.141"/>
</testsuite>